running
  '/opt/packages/R/3.5.1-mkl/lib64/R/bin/R --slave --no-restore --no-save --file=5-RSEC.R --args -n 5 -l /pylon5/ib5phhp/hectorrb/ProcessedData/10x_nuclei_MOp_norm.rds -o /pylon5/ib5phhp/hectorrb/ProcessedData/10x_nuclei_MOp_RSEC.rds -p /home/hectorrb/Pipeline_Brain/Figures/10X/10x_nuclei_Mop_clusterMany.pdf'

The selected dataset is located at /pylon5/ib5phhp/hectorrb/ProcessedData/10x_nuclei_MOp_norm.rdsLoading required package: SingleCellExperiment
Loading required package: SummarizedExperiment
Loading required package: GenomicRanges
Loading required package: stats4
Loading required package: BiocGenerics
Loading required package: parallel

Attaching package: ‘BiocGenerics’

The following objects are masked from ‘package:parallel’:

    clusterApply, clusterApplyLB, clusterCall, clusterEvalQ,
    clusterExport, clusterMap, parApply, parCapply, parLapply,
    parLapplyLB, parRapply, parSapply, parSapplyLB

The following objects are masked from ‘package:stats’:

    IQR, mad, sd, var, xtabs

The following objects are masked from ‘package:base’:

    anyDuplicated, append, as.data.frame, basename, cbind, colMeans,
    colnames, colSums, dirname, do.call, duplicated, eval, evalq,
    Filter, Find, get, grep, grepl, intersect, is.unsorted, lapply,
    lengths, Map, mapply, match, mget, order, paste, pmax, pmax.int,
    pmin, pmin.int, Position, rank, rbind, Reduce, rowMeans, rownames,
    rowSums, sapply, setdiff, sort, table, tapply, union, unique,
    unsplit, which, which.max, which.min

Loading required package: S4Vectors

Attaching package: ‘S4Vectors’

The following object is masked from ‘package:base’:

    expand.grid

Loading required package: IRanges
Loading required package: GenomeInfoDb
Loading required package: Biobase
Welcome to Bioconductor

    Vignettes contain introductory material; view with
    'browseVignettes()'. To cite Bioconductor, see
    'citation("Biobase")', and for packages 'citation("pkgname")'.

Loading required package: DelayedArray
Loading required package: matrixStats

Attaching package: ‘matrixStats’

The following objects are masked from ‘package:Biobase’:

    anyMissing, rowMedians

Loading required package: BiocParallel

Attaching package: ‘DelayedArray’

The following objects are masked from ‘package:matrixStats’:

    colMaxs, colMins, colRanges, rowMaxs, rowMins, rowRanges

The following objects are masked from ‘package:base’:

    aperm, apply

Warning messages:
1: replacing previous import ‘RNeXML::slot<-’ by ‘methods::slot<-’ when loading ‘phylobase’ 
2: replacing previous import ‘RNeXML::slot’ by ‘methods::slot’ when loading ‘phylobase’ 

Attaching package: ‘zinbwave’

The following objects are masked from ‘package:clusterExperiment’:

    nFeatures, nSamples

Starting RSEC

 *** caught segfault ***
address 0x7f7b8aa19000, cause 'memory not mapped'

 *** caught segfault ***
address 0x7f7b877b3000, cause 'memory not mapped'

 *** caught segfault ***
address 0x7f7b890e5000, cause 'memory not mapped'

 *** caught segfault ***
address 0x7f7b8844d000, cause 'memory not mapped'

 *** caught segfault ***
address 0x7f7b89d7f000, cause 'memory not mapped'
Error in .local(x, ...) : 
  45 parameter values (of 45) hit an error. The first was:
Error in .checkDissFunction(diss, algType = algType) : 
  long vectors not supported yet: ../../src/include/Rinlinedfuns.h:519
Calls: print ... RSEC -> .local -> clusterMany -> clusterMany -> .local
In addition: Warning messages:
1: In if (reduceMethod == "none") { :
  the condition has length > 1 and only the first element will be used
2: In mclapply(seq_len(nrow(param)), FUN = paramFun, mc.cores = ncores,  :
  all scheduled cores encountered errors in user code
Timing stopped at: 1.404 0.518 2.799e+04
Execution halted
Error while shutting down parallel: unable to terminate some child processes
