
R version 3.3.1 (2016-06-21) -- "Bug in Your Hair"
Copyright (C) 2016 The R Foundation for Statistical Computing
Platform: x86_64-pc-linux-gnu (64-bit)

R is free software and comes with ABSOLUTELY NO WARRANTY.
You are welcome to redistribute it under certain conditions.
Type 'license()' or 'licence()' for distribution details.

  Natural language support but running in an English locale

R is a collaborative project with many contributors.
Type 'contributors()' for more information and
'citation()' on how to cite R or R packages in publications.

Type 'demo()' for some demos, 'help()' for on-line help, or
'help.start()' for an HTML browser interface to help.
Type 'q()' to quit R.

Warning: namespace ‘VGAM’ is not available and has been replaced
by .GlobalEnv when processing object ‘sce’
Warning: namespace ‘monocle’ is not available and has been replaced
by .GlobalEnv when processing object ‘sce’
[Previously saved workspace restored]

> .libPaths("/home/hectorrb/.conda/envs/monocle_env/lib/R/library")
> loc <- "/pylon5/ib5phhp/hectorrb/ProcessedData/10x_cells_MOp_norm.rds"
> output <- "/pylon5/ib5phhp/hectorrb/ProcessedData/10x_cells_MOp"
> 
> suppressMessages(library(monocle))
> 
> # Load data and convert to Çell Dataset ----
> sce <- readRDS(file = loc)
> pd <- new("AnnotatedDataFrame", data = as.data.frame(sce@colData))
> fd <- new("AnnotatedDataFrame",
+           data = data.frame(gene_short_name = rownames(sce@assays$data$counts)))
> rownames(fd) <- rownames(sce@assays$data$counts)
> zinbW <- sce@reducedDims[[3]]
> sce <- newCellDataSet(sce@assays$data$counts,
+                       phenoData = pd,
+                       featureData = fd)
> 
> # Pre-process
> sce <- estimateSizeFactors(sce)
> sce <- estimateDispersions(sce)
Removing 120 outliers
Warning messages:
1: Deprecated, use tibble::rownames_to_column() instead. 
2: glm.fit: algorithm did not converge 
3: In log(ifelse(y == 0, 1, y/mu)) : NaNs produced
4: step size truncated due to divergence 
> sce@assayData$exprs <- sce@auxOrderingData$normalize_expr_data <- t(zinbW[,1:2])
> fd <- new("AnnotatedDataFrame",
+           data = data.frame(gene_short_name = colnames(zinbW)[1:2]))
> rownames(fd) <- colnames(zinbW)[1:2]
> sce@featureData <- fd
> 
> saveRDS(sce, file = paste0(output, "monocle.rds"))
> saveRDS(zinbW, file = paste0(output, "zinb.rds"))
> 
> proc.time()
   user  system elapsed 
429.824  34.446 466.368 
