running
  '/opt/packages/R/3.6.0-mkl/lib64/R/bin/R --slave --no-restore --no-save --file=7-ConsensusClustering.R --args -n 10 -l /pylon5/ib5phhp/hectorrb/ProcessedData/10x_cells_MOp -o /home/hectorrb/Pipeline_Brain/data/10X/10x_cells_MOp -a FALSE'

The selected dataset is located at /pylon5/ib5phhp/hectorrb/ProcessedData/10x_cells_MOpLoading required package: GenomicRanges
Loading required package: stats4
Loading required package: BiocGenerics
Loading required package: parallel

Attaching package: ‘BiocGenerics’

The following objects are masked from ‘package:parallel’:

    clusterApply, clusterApplyLB, clusterCall, clusterEvalQ,
    clusterExport, clusterMap, parApply, parCapply, parLapply,
    parLapplyLB, parRapply, parSapply, parSapplyLB

The following objects are masked from ‘package:stats’:

    IQR, mad, sd, var, xtabs

The following objects are masked from ‘package:base’:

    anyDuplicated, append, as.data.frame, basename, cbind, colMeans,
    colnames, colSums, dirname, do.call, duplicated, eval, evalq,
    Filter, Find, get, grep, grepl, intersect, is.unsorted, lapply,
    lengths, Map, mapply, match, mget, order, paste, pmax, pmax.int,
    pmin, pmin.int, Position, rank, rbind, Reduce, rowMeans, rownames,
    rowSums, sapply, setdiff, sort, table, tapply, union, unique,
    unsplit, which, which.max, which.min

Loading required package: S4Vectors

Attaching package: ‘S4Vectors’

The following object is masked from ‘package:base’:

    expand.grid

Loading required package: IRanges
Loading required package: GenomeInfoDb
Loading required package: Biobase
Welcome to Bioconductor

    Vignettes contain introductory material; view with
    'browseVignettes()'. To cite Bioconductor, see
    'citation("Biobase")', and for packages 'citation("pkgname")'.

Loading required package: DelayedArray
Loading required package: matrixStats

Attaching package: ‘matrixStats’

The following objects are masked from ‘package:Biobase’:

    anyMissing, rowMedians

Loading required package: BiocParallel

Attaching package: ‘DelayedArray’

The following objects are masked from ‘package:matrixStats’:

    colMaxs, colMins, colRanges, rowMaxs, rowMins, rowRanges

The following objects are masked from ‘package:base’:

    aperm, apply

Package 'mclust' version 5.4.5
Type 'citation("mclust")' for citing this R package in publications.
Registered S3 methods overwritten by 'ggplot2':
  method         from 
  [.quosures     rlang
  c.quosures     rlang
  print.quosures rlang

Attaching package: ‘dplyr’

The following object is masked from ‘package:matrixStats’:

    count

The following object is masked from ‘package:Biobase’:

    combine

The following objects are masked from ‘package:GenomicRanges’:

    intersect, setdiff, union

The following object is masked from ‘package:GenomeInfoDb’:

    intersect

The following objects are masked from ‘package:IRanges’:

    collapse, desc, intersect, setdiff, slice, union

The following objects are masked from ‘package:S4Vectors’:

    first, intersect, rename, setdiff, setequal, union

The following objects are masked from ‘package:BiocGenerics’:

    combine, intersect, setdiff, union

The following objects are masked from ‘package:stats’:

    filter, lag

The following objects are masked from ‘package:base’:

    intersect, setdiff, setequal, union


Attaching package: ‘tidyr’

The following object is masked from ‘package:S4Vectors’:

    expand

[1] "Loading Monocle"
[1] "Loading sc3"
[1] "Loading Seurat"
[1] "Number of cores: 10"
[1]  1 45 47
[1]  1 85 84
[1]  1 84 97
[1]  1 84 99
[1]  1 27 30
[1]  1 32 33
[1]  1 31 32
[1]   1  84 100
[1]  2 42  1
[1]  2 47  1
[1]  2  1 71
[1]  2  1 98
[1]   2   1 100
[1]   2 121   1
[1]  2 58  1
[1]   2   1 127
[1]  2  1 11
[1]  2  1 19
[1]  1 37 31
[1]  1 31 38
[1]  2  1 93
[1]  1 31 36
[1]  2 35 57
[1]  2 35 43
[1]  2 35 64
[1]  2 35 55
[1]  2 35 72
[1]  2 35 89
[1]   2  35 116
[1]   2  35 117
[1]   2  35 126
[1]   2  35 104
[1]  2 35 83
[1]   2  35 110
[1]  1 98 84
[1]  2 35 22
[1]  2 22  9
[1]  2  9 30
[1]  2  9 15
[1]  1 84 86
[1]  2  9 65
[1]  2  9 92
[1]  1 84 87
[1]   2   9 129
[1]  1 84 96
[1]  2  9 18
[1]  1 84 88
[1]  1 84 89
[1]  2  9 17
[1]  2  9 87
[1]  3 11  1
[1]  1 84 81
[1]  2 44  9
[1]  1 81 83
[1]   2   9 131
[1]  2 62 13
[1]   2  13 103
[1]  2 13 26
[1]  2 68 50
[1]   2  50 123
[1]   2  50 132
[1]  1 16 17
[1]   2 106  50
[1]  2 50 12
[1]  2 12 91
[1]  1 16 15
[1]   2  12 107
[1]  2 12 28
[1]  1 15 22
[1]  1 15 18
[1]  1 15 21
[1]  3  3 34
[1]  1 49 52
[1]  2 24 52
[1]  2 24 84
[1]  2 94 24
[1]  2 24 73
[1]   2  24 128
[1]  2 24 85
[1]  2 24  8
[1]  2  8 27
[1]  1 45 50
[1]   2   8 113
[1]  1 45 43
[1]  2 66 90
[1]  2 76 66
[1]  2 97 66
[1]  2 66 69
[1]   2  66 124
[1]  2 66  4
[1]  2 78  4
[1]  2  4 23
[1]  1 27 35
[1]  2  4 63
[1]  1 15 19
[1]  1 68 57
[1]  1 90 57
[1]  2 46 45
[1]  2 45 74
[1]  2 81 45
[1]  2 86 45
[1]   2  45 114
[1]   2  45 130
[1]   2  45 120
[1]  2 45 95
[1]   2 111  45
[1]  1 79 57
[1]  2 45 21
[1]  1 15 23
[1]   2 101 102
[1]  1 81 94
[1]  2 49  3
[1]   2   3 118
[1]   2   2 112
[1]  2 51  2
[1]  2 99  2
[1]   2   2 125
[1] 1 7 6
[1]  2  2 79
[1]  2  2 59
[1]  1  6 14
[1]   2   2 122
[1]  1  6 13
[1] 1 9 6
[1]   2 101  77
[1]  2 67 14
[1]  2 16 14
[1]  2 75 96
[1]   2  75 115
[1]   2  40 105
[1]  2 40 41
[1]  1 75 73
[1]  2 20 40
[1]  1 73 74
[1]   2 119  10
[1]  1 81 95
[1]  1 27 54
[1]  2 77 25
[1]  1 43 39
[1]  1 27 82
[1]  1 31 40
[1]  2 14 34
[1]  1 27 29
[1]  1 48 51
[1]  2 82  3
[1]  1 27 25
[1]  1 57  4
[1]  1 59 58
[1]  1 25 28
[1]  1 81 93
[1]  1  4 10
[1]  1 15 20
[1]  1 71 69
[1]  3 10 15
[1]  2 25 61
[1]  2 25 88
[1]  1 25 53
[1]  1 31 80
[1]  1 31 41
[1]  2 80  6
[1]  1 61 62
[1]  1 15 26
[1]   2 108  31
[1]  1 55  1
[1]  1 39 92
[1]  2 38 39
[1]  1  8 12
[1] 1 8 5
Finished Consensus Merge
