running
  '/opt/packages/R/3.6.0-mkl/lib64/R/bin/R --slave --no-restore --no-save --file=7-ConsensusClustering.R --args -n 10 -l /pylon5/ib5phhp/hectorrb/ProcessedData/10x_nuclei_MOp -o /home/hectorrb/Pipeline_Brain/data/10X/10x_nuclei_MOp -a FALSE'

The selected dataset is located at /pylon5/ib5phhp/hectorrb/ProcessedData/10x_nuclei_MOpLoading required package: GenomicRanges
Loading required package: stats4
Loading required package: BiocGenerics
Loading required package: parallel

Attaching package: ‘BiocGenerics’

The following objects are masked from ‘package:parallel’:

    clusterApply, clusterApplyLB, clusterCall, clusterEvalQ,
    clusterExport, clusterMap, parApply, parCapply, parLapply,
    parLapplyLB, parRapply, parSapply, parSapplyLB

The following objects are masked from ‘package:stats’:

    IQR, mad, sd, var, xtabs

The following objects are masked from ‘package:base’:

    anyDuplicated, append, as.data.frame, basename, cbind, colMeans,
    colnames, colSums, dirname, do.call, duplicated, eval, evalq,
    Filter, Find, get, grep, grepl, intersect, is.unsorted, lapply,
    lengths, Map, mapply, match, mget, order, paste, pmax, pmax.int,
    pmin, pmin.int, Position, rank, rbind, Reduce, rowMeans, rownames,
    rowSums, sapply, setdiff, sort, table, tapply, union, unique,
    unsplit, which, which.max, which.min

Loading required package: S4Vectors

Attaching package: ‘S4Vectors’

The following object is masked from ‘package:base’:

    expand.grid

Loading required package: IRanges
Loading required package: GenomeInfoDb
Loading required package: Biobase
Welcome to Bioconductor

    Vignettes contain introductory material; view with
    'browseVignettes()'. To cite Bioconductor, see
    'citation("Biobase")', and for packages 'citation("pkgname")'.

Loading required package: DelayedArray
Loading required package: matrixStats

Attaching package: ‘matrixStats’

The following objects are masked from ‘package:Biobase’:

    anyMissing, rowMedians

Loading required package: BiocParallel

Attaching package: ‘DelayedArray’

The following objects are masked from ‘package:matrixStats’:

    colMaxs, colMins, colRanges, rowMaxs, rowMins, rowRanges

The following objects are masked from ‘package:base’:

    aperm, apply

Package 'mclust' version 5.4.5
Type 'citation("mclust")' for citing this R package in publications.
Registered S3 methods overwritten by 'ggplot2':
  method         from 
  [.quosures     rlang
  c.quosures     rlang
  print.quosures rlang

Attaching package: ‘dplyr’

The following object is masked from ‘package:matrixStats’:

    count

The following object is masked from ‘package:Biobase’:

    combine

The following objects are masked from ‘package:GenomicRanges’:

    intersect, setdiff, union

The following object is masked from ‘package:GenomeInfoDb’:

    intersect

The following objects are masked from ‘package:IRanges’:

    collapse, desc, intersect, setdiff, slice, union

The following objects are masked from ‘package:S4Vectors’:

    first, intersect, rename, setdiff, setequal, union

The following objects are masked from ‘package:BiocGenerics’:

    combine, intersect, setdiff, union

The following objects are masked from ‘package:stats’:

    filter, lag

The following objects are masked from ‘package:base’:

    intersect, setdiff, setequal, union


Attaching package: ‘tidyr’

The following object is masked from ‘package:S4Vectors’:

    expand

[1] "Loading Monocle"
[1] "Loading sc3"
[1] "Loading Seurat"
[1] "Number of cores: 10"
[1]  1 54 81
[1]  1 54 59
[1]  1  2 13
[1]  1 10  2
[1]  1  2 24
[1] 1 2 9
[1]  2 34  3
[1]  2  3 17
[1]  2  3 21
[1]  2  3 25
[1]  2  3 22
[1]  2  3 31
[1]  2  3 37
[1]  2  3 47
[1]  2  3 51
[1]  2  3 46
[1]  1 54 57
[1]  2  3 60
[1]  3 16  2
[1]  1 54 52
[1]  1 52 61
[1]  2  6 12
[1] 2 1 6
[1]  2  1 13
[1]  2  1 26
[1]  2  1 18
[1]  2  1 27
[1]  2  1 35
[1]  2  1 33
[1]  2 44  1
[1]  2  1 58
[1] 2 1 9
[1]  2  1 59
[1]  2 62  1
[1]  2  1 69
[1]  2  1 53
[1]  2  1 72
[1]  2  1 70
[1]  1  2 79
[1]  1  2 46
[1] 1 2 1
[1]  2  1 76
[1]  1  1 17
[1] 1 1 5
[1]  1  1 90
[1]  1 52 55
[1] 1 8 1
[1]  1 37 36
[1]  2  7 23
[1]  2  7 75
[1]  1 39 42
[1]  2 11 40
[1]  2 41 11
[1]  2 11 64
[1]  1 39 38
[1]  2 78 39
[1]  1  3 99
[1]  2 77 39
[1]  2  5 56
[1]  2  5 42
[1]  2  5 32
[1]  1 28 33
[1]  2  5 48
[1]  2  5 74
[1]  2  5 55
[1]  2 52  5
[1]  1 30 28
[1]  1 38 43
[1]  1 36 41
[1]  1 36 40
[1]  1  1 12
[1] 1 1 6
[1] 1 1 7
[1]  1 95 97
[1]  2 28 71
[1]  2 65 28
[1]  1 28 32
[1]  2  4 29
[1]  1 48 49
[1]  1 45 48
[1]  2 49  4
[1]  2  4 24
[1]  2 45  4
[1]  1 45 88
[1]  2  4 43
[1]  1 45 73
[1]  2  4 38
[1]  3  5 19
[1]  1 45 92
[1]   1   3 100
[1]  1  1 18
[1]  1 28 35
[1]  1  1 11
[1]  2 50 36
[1]  2 36 10
[1]  2 10 57
[1]  1 16 15
[1]  1 15 20
[1]  2 80 10
[1]  2 10  2
[1]  1 74 15
[1]  1 15 22
[1]  1 15 26
[1]  1 15 14
[1]  1  1 62
[1]  1 38 78
[1]  3  9 21
[1]  1  1 19
[1]  1 95 96
[1]  1 28 34
[1]  1 14 75
[1]  1 52 60
[1]  1 52 80
[1]  1 45 91
[1]  1  1 65
[1]  1  1 70
[1]  1 38 47
[1]  1 52 56
[1]  1 51 50
[1]  1 45 87
[1]  1 45 63
[1]  1 28 29
[1]  1 93 94
[1]  2 63 79
[1]  3 20 18
[1]  1 50 53
[1]  1  1 71
[1]  2  2 19
[1]  1 21 27
[1]  1 38 44
[1]  1 45 68
[1]  1  1 66
[1]  1 52 58
[1]  1 25 31
[1] 1 1 4
[1]  1 82 84
Finished Consensus Merge
