running
  '/opt/packages/R/3.5.1-mkl/lib64/R/bin/R --slave --no-restore --no-save --file=5-RSEC.R --args -n 5 -l /pylon5/ib5phhp/hectorrb/ProcessedData/10x_nuclei_MOp_norm.rds -o /pylon5/ib5phhp/hectorrb/ProcessedData/10x_nuclei_MOp_RSEC.rds -p /home/hectorrb/Pipeline_Brain/Figures/10X/10x_nuclei_Mop_clusterMany.pdf'

The selected dataset is located at /pylon5/ib5phhp/hectorrb/ProcessedData/10x_nuclei_MOp_norm.rdsLoading required package: SingleCellExperiment
Loading required package: SummarizedExperiment
Loading required package: GenomicRanges
Loading required package: stats4
Loading required package: BiocGenerics
Loading required package: parallel

Attaching package: ‘BiocGenerics’

The following objects are masked from ‘package:parallel’:

    clusterApply, clusterApplyLB, clusterCall, clusterEvalQ,
    clusterExport, clusterMap, parApply, parCapply, parLapply,
    parLapplyLB, parRapply, parSapply, parSapplyLB

The following objects are masked from ‘package:stats’:

    IQR, mad, sd, var, xtabs

The following objects are masked from ‘package:base’:

    anyDuplicated, append, as.data.frame, basename, cbind, colMeans,
    colnames, colSums, dirname, do.call, duplicated, eval, evalq,
    Filter, Find, get, grep, grepl, intersect, is.unsorted, lapply,
    lengths, Map, mapply, match, mget, order, paste, pmax, pmax.int,
    pmin, pmin.int, Position, rank, rbind, Reduce, rowMeans, rownames,
    rowSums, sapply, setdiff, sort, table, tapply, union, unique,
    unsplit, which, which.max, which.min

Loading required package: S4Vectors

Attaching package: ‘S4Vectors’

The following object is masked from ‘package:base’:

    expand.grid

Loading required package: IRanges
Loading required package: GenomeInfoDb
Loading required package: Biobase
Welcome to Bioconductor

    Vignettes contain introductory material; view with
    'browseVignettes()'. To cite Bioconductor, see
    'citation("Biobase")', and for packages 'citation("pkgname")'.

Loading required package: DelayedArray
Loading required package: matrixStats

Attaching package: ‘matrixStats’

The following objects are masked from ‘package:Biobase’:

    anyMissing, rowMedians

Loading required package: BiocParallel

Attaching package: ‘DelayedArray’

The following objects are masked from ‘package:matrixStats’:

    colMaxs, colMins, colRanges, rowMaxs, rowMins, rowRanges

The following objects are masked from ‘package:base’:

    aperm, apply


Attaching package: ‘zinbwave’

The following objects are masked from ‘package:clusterExperiment’:

    nFeatures, nSamples

Cluster Many
Error in .local(x, ...) : 
  45 parameter values (of 45) hit an error. The first was:
Error in (function (x, k, diss = inherits(x, "dist"), metric = c("euclidean",  : 
  have 82572 observations, but not more than 65536 are allowed
Calls: print ... system.time -> clusterMany -> clusterMany -> .local
In addition: Warning message:
In mclapply(seq_len(nrow(param)), FUN = paramFun, mc.cores = ncores,  :
  all scheduled cores encountered errors in user code
Timing stopped at: 0.683 0.29 4.066
Execution halted
