running
  '/usr/lib/R/bin/R --slave --no-restore --vanilla --file=7-ConsensusClustering.R --args -n 10 -l /scratch/users/singlecell/MiniAtlas/data/rds/SMARTer_cells_MOp -o /accounts/projects/epurdom/singlecell/allen/allen40K/Pipeline_Brain/data/Smart-Seq/SMARTer_cells_MOp_mergers.rds'

The selected dataset is located at  /scratch/users/singlecell/MiniAtlas/data/rds/SMARTer_cells_MOp 
Loading required package: SingleCellExperiment
Loading required package: SummarizedExperiment
Loading required package: GenomicRanges
Loading required package: stats4
Loading required package: BiocGenerics
Loading required package: parallel

Attaching package: ‘BiocGenerics’

The following objects are masked from ‘package:parallel’:

    clusterApply, clusterApplyLB, clusterCall, clusterEvalQ,
    clusterExport, clusterMap, parApply, parCapply, parLapply,
    parLapplyLB, parRapply, parSapply, parSapplyLB

The following objects are masked from ‘package:stats’:

    IQR, mad, sd, var, xtabs

The following objects are masked from ‘package:base’:

    anyDuplicated, append, as.data.frame, basename, cbind, colMeans,
    colnames, colSums, dirname, do.call, duplicated, eval, evalq,
    Filter, Find, get, grep, grepl, intersect, is.unsorted, lapply,
    lengths, Map, mapply, match, mget, order, paste, pmax, pmax.int,
    pmin, pmin.int, Position, rank, rbind, Reduce, rowMeans, rownames,
    rowSums, sapply, setdiff, sort, table, tapply, union, unique,
    unsplit, which, which.max, which.min

Loading required package: S4Vectors

Attaching package: ‘S4Vectors’

The following object is masked from ‘package:base’:

    expand.grid

Loading required package: IRanges
Loading required package: GenomeInfoDb
Loading required package: Biobase
Welcome to Bioconductor

    Vignettes contain introductory material; view with
    'browseVignettes()'. To cite Bioconductor, see
    'citation("Biobase")', and for packages 'citation("pkgname")'.

Loading required package: DelayedArray
Loading required package: matrixStats

Attaching package: ‘matrixStats’

The following objects are masked from ‘package:Biobase’:

    anyMissing, rowMedians

Loading required package: BiocParallel

Attaching package: ‘DelayedArray’

The following objects are masked from ‘package:matrixStats’:

    colMaxs, colMins, colRanges, rowMaxs, rowMins, rowRanges

The following objects are masked from ‘package:base’:

    aperm, apply

Package 'mclust' version 5.4.2
Type 'citation("mclust")' for citing this R package in publications.
── Attaching packages ─────────────────────────────────────── tidyverse 1.2.1 ──
✔ ggplot2 3.1.0     ✔ purrr   0.3.0
✔ tibble  2.0.1     ✔ dplyr   0.7.8
✔ tidyr   0.8.2     ✔ stringr 1.3.1
✔ readr   1.3.1     ✔ forcats 0.3.0
── Conflicts ────────────────────────────────────────── tidyverse_conflicts() ──
✖ dplyr::collapse()   masks IRanges::collapse()
✖ dplyr::combine()    masks Biobase::combine(), BiocGenerics::combine()
✖ dplyr::count()      masks matrixStats::count()
✖ dplyr::desc()       masks IRanges::desc()
✖ tidyr::expand()     masks S4Vectors::expand()
✖ dplyr::filter()     masks stats::filter()
✖ dplyr::first()      masks S4Vectors::first()
✖ dplyr::lag()        masks stats::lag()
✖ purrr::map()        masks mclust::map()
✖ ggplot2::Position() masks BiocGenerics::Position(), base::Position()
✖ purrr::reduce()     masks GenomicRanges::reduce(), IRanges::reduce()
✖ dplyr::rename()     masks S4Vectors::rename()
✖ purrr::simplify()   masks DelayedArray::simplify()
✖ dplyr::slice()      masks IRanges::slice()
Warning messages:
1: In rgl.init(initValue, onlyNULL) : RGL: unable to open X11 display
2: 'rgl_init' failed, running with rgl.useNULL = TRUE 
[1] "Number of cores: 10"
[1]  1 12  1
[1]  2 25 27
[1]  2  3 25
[1]  2  3 17
[1]  3 48 50
[1]  3 48 52
[1]  2  9 26
[1] 2 8 1
[1]  3 25 27
[1]  2 14 23
[1]  3 31 30
[1]  3 32 30
[1]  3 48 49
[1]  3 25 28
[1]  3 48 47
[1]  3 25 26
[1]  3 42 41
[1]  2  9 20
[1]  2 13  5
[1]  3 38 37
[1]  3 55 54
[1]  4 10 11
[1]  2 30 10
[1]  3 54 53
[1]  3 53 56
[1]  3 47 51
[1]  3 25 29
[1]  2  2 15
[1]  3 34 35
[1]  3 34 36
[1]  1 25 26
[1]  1 25 24
[1]  2  2 11
[1]  3 11 12
[1]  3 11 17
[1]  2 29  4
[1]  1 13 10
[1]  3 11 15
[1]  3 14 11
[1]  3 11 16
[1]  3 10 11
[1]  3 10 13
[1]  3 33 62
[1] 3 4 3
[1]  4 13 15
[1]  2 16  7
[1]  3 19 20
[1]  3 21 22
[1]  3 21 24
[1]  3 21 23
[1]  2 28 18
[1]  1 14 15
[1]  3 19 21
[1] 3 3 5
[1]  3 37 44
[1]  3 53 57
[1] 3 7 6
[1] 1 8 6
[1]  3 37 40
[1]  3 19 18
[1] 3 6 2
[1]  1 21 22
[1]  3 33 39
[1]  1 27  2
[1] 3 1 2
[1] 1 4 3
[1] 3 1 8
[1]  1  1 20
[1]  3 37 43
[1] 1 6 7
[1]  3 61 60
[1]  3 60 59
[1]  3 58 59
    user   system  elapsed 
5727.966  353.985 3641.244 
Finished Consensus Merge
