running
  '/usr/lib/R/bin/R --slave --no-restore --vanilla --file=8-ConsensusClustering.R --args -n 30 -l /scratch/users/singlecell/MiniAtlas/data/rds/SMARTer_cells_MOp -o /accounts/projects/epurdom/singlecell/allen/allen40K/Pipeline_Brain/Figures/Smart-Seq/SMARTer_cells_MOp'

The selected dataset is located at  /scratch/users/singlecell/MiniAtlas/data/rds/SMARTer_cells_MOp 
Loading required package: SingleCellExperiment
Loading required package: SummarizedExperiment
Loading required package: GenomicRanges
Loading required package: stats4
Loading required package: BiocGenerics
Loading required package: parallel

Attaching package: ‘BiocGenerics’

The following objects are masked from ‘package:parallel’:

    clusterApply, clusterApplyLB, clusterCall, clusterEvalQ,
    clusterExport, clusterMap, parApply, parCapply, parLapply,
    parLapplyLB, parRapply, parSapply, parSapplyLB

The following objects are masked from ‘package:stats’:

    IQR, mad, sd, var, xtabs

The following objects are masked from ‘package:base’:

    anyDuplicated, append, as.data.frame, basename, cbind, colMeans,
    colnames, colSums, dirname, do.call, duplicated, eval, evalq,
    Filter, Find, get, grep, grepl, intersect, is.unsorted, lapply,
    lengths, Map, mapply, match, mget, order, paste, pmax, pmax.int,
    pmin, pmin.int, Position, rank, rbind, Reduce, rowMeans, rownames,
    rowSums, sapply, setdiff, sort, table, tapply, union, unique,
    unsplit, which, which.max, which.min

Loading required package: S4Vectors

Attaching package: ‘S4Vectors’

The following object is masked from ‘package:base’:

    expand.grid

Loading required package: IRanges
Loading required package: GenomeInfoDb
Loading required package: Biobase
Welcome to Bioconductor

    Vignettes contain introductory material; view with
    'browseVignettes()'. To cite Bioconductor, see
    'citation("Biobase")', and for packages 'citation("pkgname")'.

Loading required package: DelayedArray
Loading required package: matrixStats

Attaching package: ‘matrixStats’

The following objects are masked from ‘package:Biobase’:

    anyMissing, rowMedians

Loading required package: BiocParallel

Attaching package: ‘DelayedArray’

The following objects are masked from ‘package:matrixStats’:

    colMaxs, colMins, colRanges, rowMaxs, rowMins, rowRanges

The following objects are masked from ‘package:base’:

    aperm, apply

Package 'mclust' version 5.4.2
Type 'citation("mclust")' for citing this R package in publications.
── Attaching packages ─────────────────────────────────────── tidyverse 1.2.1 ──
✔ ggplot2 3.1.0     ✔ purrr   0.3.0
✔ tibble  2.0.1     ✔ dplyr   0.7.8
✔ tidyr   0.8.2     ✔ stringr 1.3.1
✔ readr   1.3.1     ✔ forcats 0.3.0
── Conflicts ────────────────────────────────────────── tidyverse_conflicts() ──
✖ dplyr::collapse()   masks IRanges::collapse()
✖ dplyr::combine()    masks Biobase::combine(), BiocGenerics::combine()
✖ dplyr::count()      masks matrixStats::count()
✖ dplyr::desc()       masks IRanges::desc()
✖ tidyr::expand()     masks S4Vectors::expand()
✖ dplyr::filter()     masks stats::filter()
✖ dplyr::first()      masks S4Vectors::first()
✖ dplyr::lag()        masks stats::lag()
✖ purrr::map()        masks mclust::map()
✖ ggplot2::Position() masks BiocGenerics::Position(), base::Position()
✖ purrr::reduce()     masks GenomicRanges::reduce(), IRanges::reduce()
✖ dplyr::rename()     masks S4Vectors::rename()
✖ purrr::simplify()   masks DelayedArray::simplify()
✖ dplyr::slice()      masks IRanges::slice()
Warning messages:
1: In rgl.init(initValue, onlyNULL) : RGL: unable to open X11 display
2: 'rgl_init' failed, running with rgl.useNULL = TRUE 
[1] "Number of cores: 30"
[1] 3 8 1
[1]  4 25 27
[1]  1 12  1
[1]  3 25 27
[1]  3  3 25
[1]  3  3 17
[1]  4 48 50
[1]  2 39 28
[1]  2  8 28
[1]  2 36  8
[1]  2  8 25
[1]  4 48 52
[1]  3  9 26
[1]  4 25 28
[1]  4 48 49
[1] 2 4 7
[1]  4 48 47
[1]  3 14 23
[1]  4 31 30
[1]  4 32 30
[1]  2 21 23
[1]  2 37 21
[1]  2 21 14
[1]  2 30 15
[1]  2 15 10
[1]  2 10 33
[1]  2 10 13
[1]  4 25 26
[1]  2 14 26
[1]  3  9 20
[1]  3 13  5
[1]  4 38 37
[1]  4 42 41
[1]  2  4 27
[1]  3 28 18
[1]  1 14 15
[1]  4 19 21
[1]  4 19 20
[1]  4 19 22
[1]  4 19 24
[1]  4 19 23
[1]  4 47 51
[1]  5 13 15
[1] 4 4 3
[1]  3 16  7
[1]  5 10 11
[1]  2 22  3
[1]  3 30 10
[1]  4 55 54
[1]  4 54 53
[1]  2  3 18
[1]  4 53 56
[1]  4 25 29
[1]  4 33 62
[1]  2 14 34
[1]  3  9 11
[1]  2 20 19
[1]  2 19 24
[1]  3 29  4
[1]  1 13 10
[1]  4 11 12
[1]  4 11 17
[1]  4 11 15
[1]  4 14 11
[1]  4 11 16
[1]  4 10 11
[1]  4 10 13
[1]  2 14 29
[1] 4 3 5
[1]  2  4 31
[1] 2 6 5
[1]  4 19 18
[1]  4 53 57
[1] 1 8 6
[1]  4 37 40
[1]  4 37 44
[1]  2 12  9
[1]  3  2 15
[1]  2  9 38
[1]  4 35 36
[1]  4 34 35
[1]  1 25 26
[1]  1 25 24
[1] 4 7 6
[1] 4 6 2
[1]  1 21 22
[1]  4 33 39
[1]  1 19 20
[1]  5 18 14
[1]  4 46 45
[1]  1 17 16
[1]  1 27  2
[1] 1 4 3
[1] 4 1 2
[1] 4 1 8
[1]  4 37 43
[1] 1 6 7
[1]  4 61 60
[1]  4 60 59
[1]  4 58 59
     user    system   elapsed 
13230.933  1253.486  7235.404 
Finished Consensus Merge
