running
  '/usr/lib/R/bin/R --slave --no-restore --vanilla --file=8-ConsensusClustering.R --args -n 30 -a FALSE -l /scratch/users/singlecell/MiniAtlas/data/rds/SMARTer_nuclei_MOp -o /accounts/projects/epurdom/singlecell/allen/allen40K/Pipeline_Brain/data/Smart-Seq/SMARTer_nuclei_MOp_no_allen'

The selected dataset is located at  /scratch/users/singlecell/MiniAtlas/data/rds/SMARTer_nuclei_MOp 
Loading required package: SingleCellExperiment
Loading required package: SummarizedExperiment
Loading required package: GenomicRanges
Loading required package: stats4
Loading required package: BiocGenerics
Loading required package: parallel

Attaching package: ‘BiocGenerics’

The following objects are masked from ‘package:parallel’:

    clusterApply, clusterApplyLB, clusterCall, clusterEvalQ,
    clusterExport, clusterMap, parApply, parCapply, parLapply,
    parLapplyLB, parRapply, parSapply, parSapplyLB

The following objects are masked from ‘package:stats’:

    IQR, mad, sd, var, xtabs

The following objects are masked from ‘package:base’:

    anyDuplicated, append, as.data.frame, basename, cbind, colMeans,
    colnames, colSums, dirname, do.call, duplicated, eval, evalq,
    Filter, Find, get, grep, grepl, intersect, is.unsorted, lapply,
    lengths, Map, mapply, match, mget, order, paste, pmax, pmax.int,
    pmin, pmin.int, Position, rank, rbind, Reduce, rowMeans, rownames,
    rowSums, sapply, setdiff, sort, table, tapply, union, unique,
    unsplit, which, which.max, which.min

Loading required package: S4Vectors

Attaching package: ‘S4Vectors’

The following object is masked from ‘package:base’:

    expand.grid

Loading required package: IRanges
Loading required package: GenomeInfoDb
Loading required package: Biobase
Welcome to Bioconductor

    Vignettes contain introductory material; view with
    'browseVignettes()'. To cite Bioconductor, see
    'citation("Biobase")', and for packages 'citation("pkgname")'.

Loading required package: DelayedArray
Loading required package: matrixStats

Attaching package: ‘matrixStats’

The following objects are masked from ‘package:Biobase’:

    anyMissing, rowMedians

Loading required package: BiocParallel

Attaching package: ‘DelayedArray’

The following objects are masked from ‘package:matrixStats’:

    colMaxs, colMins, colRanges, rowMaxs, rowMins, rowRanges

The following objects are masked from ‘package:base’:

    aperm, apply

Package 'mclust' version 5.4.2
Type 'citation("mclust")' for citing this R package in publications.
── Attaching packages ─────────────────────────────────────── tidyverse 1.2.1 ──
✔ ggplot2 3.1.0     ✔ purrr   0.3.0
✔ tibble  2.0.1     ✔ dplyr   0.7.8
✔ tidyr   0.8.2     ✔ stringr 1.3.1
✔ readr   1.3.1     ✔ forcats 0.3.0
── Conflicts ────────────────────────────────────────── tidyverse_conflicts() ──
✖ dplyr::collapse()   masks IRanges::collapse()
✖ dplyr::combine()    masks Biobase::combine(), BiocGenerics::combine()
✖ dplyr::count()      masks matrixStats::count()
✖ dplyr::desc()       masks IRanges::desc()
✖ tidyr::expand()     masks S4Vectors::expand()
✖ dplyr::filter()     masks stats::filter()
✖ dplyr::first()      masks S4Vectors::first()
✖ dplyr::lag()        masks stats::lag()
✖ purrr::map()        masks mclust::map()
✖ ggplot2::Position() masks BiocGenerics::Position(), base::Position()
✖ purrr::reduce()     masks GenomicRanges::reduce(), IRanges::reduce()
✖ dplyr::rename()     masks S4Vectors::rename()
✖ purrr::simplify()   masks DelayedArray::simplify()
✖ dplyr::slice()      masks IRanges::slice()
Warning messages:
1: In rgl.init(initValue, onlyNULL) : RGL: unable to open X11 display
2: 'rgl_init' failed, running with rgl.useNULL = TRUE 
[1] "Number of cores: 30"
[1]  1 23 12
[1] 3 1 5
[1] 3 1 8
[1]  3  1 15
[1]  3  1 21
[1]  3 28  2
[1]  3 17  2
[1]  3 29 19
[1]  2 12  5
[1]  3  3 14
[1] 3 1 7
[1]  1 12 25
[1]  3 11  4
[1]  1 14 13
[1] 1 3 4
[1] 2 1 9
[1]  3 31 32
[1]  2  3 15
[1]  1 12  1
[1]  3 16 12
[1]  1 30  5
[1]  2 14  8
[1]  1 26 28
[1]  1 17 16
[1]  2  2 21
[1] 2 8 7
[1]  3 22 25
[1]  4 15 16
[1]  2 23 11
   user  system elapsed 
946.789 154.738 399.141 
Finished Consensus Merge
